[20:00:38] [main/WARN]: Ambiguity between arguments [teleport, destination] and [teleport, targets] with inputs: [Player, 0123, @e, dd12be42-52a9-4a91-a8a1-11c01849e498]
[20:00:38] [main/WARN]: Ambiguity between arguments [teleport, location] and [teleport, destination] with inputs: [0.1 -0.5 .9, 0 0 0]
[20:00:38] [main/WARN]: Ambiguity between arguments [teleport, location] and [teleport, targets] with inputs: [0.1 -0.5 .9, 0 0 0]
[20:00:38] [main/WARN]: Ambiguity between arguments [teleport, targets] and [teleport, destination] with inputs: [Player, 0123, dd12be42-52a9-4a91-a8a1-11c01849e498]
[20:00:38] [main/WARN]: Ambiguity between arguments [teleport, targets, location] and [teleport, targets, destination] with inputs: [0.1 -0.5 .9, 0 0 0]
[20:00:38] [Server thread/INFO]: Starting minecraft server version 1.14.4
[20:00:38] [Server thread/INFO]: Loading properties
[20:00:38] [Server thread/INFO]: Default game type: SURVIVAL
[20:00:38] [Server thread/INFO]: Generating keypair
[20:00:38] [Server thread/INFO]: Starting Minecraft server on *:25565
[20:00:38] [Server thread/INFO]: Using default channel type
[20:00:39] [Server thread/INFO]: Preparing level "world"
[20:00:39] [Server thread/INFO]: Reloading ResourceManager: Default
[20:00:39] [Server thread/INFO]: Loaded 6 recipes
[20:00:40] [Server thread/INFO]: Loaded 811 advancements
[20:00:45] [Server thread/INFO]: Preparing start region for dimension minecraft:overworld
[20:00:46] [Server thread/INFO]: Preparing spawn area: 0%
[20:00:46] [Server thread/INFO]: Preparing spawn area: 0%
[20:00:46] [Server thread/INFO]: Preparing spawn area: 0%
[20:00:48] [Server-Worker-2/INFO]: Preparing spawn area: 83%
[20:00:48] [Server-Worker-3/INFO]: Preparing spawn area: 83%
[20:00:48] [Server-Worker-2/INFO]: Preparing spawn area: 83%
[20:00:49] [Server-Worker-1/INFO]: Preparing spawn area: 83%
[20:00:49] [Server-Worker-2/INFO]: Preparing spawn area: 83%
[20:00:49] [Server-Worker-3/INFO]: Preparing spawn area: 83%
[20:00:50] [Server-Worker-2/INFO]: Preparing spawn area: 83%
[20:00:50] [Server-Worker-1/INFO]: Preparing spawn area: 88%
[20:00:51] [Server thread/INFO]: Time elapsed: 5497 ms
[20:00:51] [Server thread/INFO]: Done (11.921s)! For help, type "help"
[20:01:00] [Server thread/INFO]: Stopping the server
[20:01:00] [Server thread/INFO]: Stopping server
[20:01:00] [Server thread/INFO]: Saving players
[20:01:00] [Server thread/INFO]: Saving worlds
[20:01:00] [Server thread/INFO]: Saving chunks for level 'world'/minecraft:the_end
[20:01:00] [Server thread/INFO]: ThreadedAnvilChunkStorage (DIM1): All chunks are saved
[20:01:00] [Server thread/INFO]: Saving chunks for level 'world'/minecraft:the_nether
[20:01:00] [Server thread/INFO]: ThreadedAnvilChunkStorage (DIM-1): All chunks are saved
[20:01:00] [Server thread/INFO]: Saving chunks for level 'world'/minecraft:overworld
[20:01:01] [Server thread/INFO]: ThreadedAnvilChunkStorage (world): All chunks are saved
[20:01:01] [Server thread/INFO]: ThreadedAnvilChunkStorage (DIM1): All chunks are saved
[20:01:01] [Server thread/INFO]: ThreadedAnvilChunkStorage (DIM-1): All chunks are saved
[20:01:01] [Server thread/INFO]: ThreadedAnvilChunkStorage (world): All chunks are saved
